2021-01-28 22:05:28 [httpLog] {"method":"GET","url":"/","data":{},"startTime":"2021-01-28 22:05:28","endTime":"2021-01-28 22:05:28","timeLength":5}
2021-01-28 22:11:49 [httpLog] {"method":"GET","url":"/newApplication","data":{},"startTime":"2021-01-28 22:11:49","endTime":"2021-01-28 22:11:49","timeLength":3}
2021-01-28 22:12:40 [httpLog] {"method":"GET","url":"/newApplication","data":{},"startTime":"2021-01-28 22:12:40","endTime":"2021-01-28 22:12:40","timeLength":4}
2021-01-28 22:14:13 [httpLog] {"method":"GET","url":"/newApplication","data":{},"startTime":"2021-01-28 22:14:13","endTime":"2021-01-28 22:14:13","timeLength":4}
2021-01-28 22:16:07 [httpLog] {"method":"GET","url":"/newApplication","data":{},"startTime":"2021-01-28 22:16:07","endTime":"2021-01-28 22:16:07","timeLength":6}
2021-01-28 22:19:15 [httpLog] {"method":"GET","url":"/newContext","data":{},"startTime":"2021-01-28 22:19:15","endTime":"2021-01-28 22:19:15","timeLength":4}
2021-01-28 22:19:28 [httpLog] {"method":"GET","url":"/newContext?id=100","data":{},"startTime":"2021-01-28 22:19:28","endTime":"2021-01-28 22:19:28","timeLength":2}
2021-01-28 22:19:46 [httpLog] {"method":"POST","url":"/newContext","data":{"name":"user","pwd":123},"startTime":"2021-01-28 22:19:46","endTime":"2021-01-28 22:19:46","timeLength":0}
2021-01-28 22:19:58 [httpLog] {"method":"POST","url":"/newContext","data":{"name":"user","pwd":123},"startTime":"2021-01-28 22:19:58","endTime":"2021-01-28 22:19:58","timeLength":2}
2021-01-28 22:20:21 [httpLog] {"method":"POST","url":"/newContext","data":{"name":"user","pwd":123},"startTime":"2021-01-28 22:20:21","endTime":"2021-01-28 22:20:21","timeLength":3}
2021-01-28 22:20:57 [httpLog] {"method":"POST","url":"/newContext","data":{"name":"user","pwd":123},"startTime":"2021-01-28 22:20:57","endTime":"2021-01-28 22:20:57","timeLength":2}
2021-01-28 22:24:02 [httpLog] {"method":"GET","url":"/newRequest","data":{"name":"user","pwd":123},"startTime":"2021-01-28 22:24:02","endTime":"2021-01-28 22:24:02","timeLength":3}
2021-01-28 22:24:30 [httpLog] {"method":"GET","url":"/newRequest","data":{"name":"user","pwd":123},"startTime":"2021-01-28 22:24:30","endTime":"2021-01-28 22:24:30","timeLength":3}
2021-01-28 22:26:26 [httpLog] {"method":"GET","url":"/newResponse","data":{},"startTime":"2021-01-28 22:26:26","endTime":"2021-01-28 22:26:26","timeLength":3}
2021-01-28 22:26:52 [httpLog] {"method":"GET","url":"/newResponse","data":{},"startTime":"2021-01-28 22:26:52","endTime":"2021-01-28 22:26:52","timeLength":1}
2021-01-28 22:29:38 [httpLog] {"method":"GET","url":"/newResponse","data":{},"startTime":"2021-01-28 22:29:38","endTime":"2021-01-28 22:29:38","timeLength":5}
2021-01-28 22:57:41 [httpLog] {"method":"GET","url":"/newResponse","data":{},"startTime":"2021-01-28 22:57:41","endTime":"2021-01-28 22:57:41","timeLength":5}
2021-01-28 22:58:14 [httpLog] {"method":"GET","url":"/newResponse","data":{},"startTime":"2021-01-28 22:58:14","endTime":"2021-01-28 22:58:14","timeLength":4}
2021-01-28 22:58:58 [httpLog] {"method":"GET","url":"/newResponse","data":{},"startTime":"2021-01-28 22:58:58","endTime":"2021-01-28 22:58:58","timeLength":4}
2021-01-28 23:05:42 [httpLog] {"method":"GET","url":"/newResponse","data":{},"startTime":"2021-01-28 23:05:42","endTime":"2021-01-28 23:05:42","timeLength":4}
